[09:26:33.073] - 0:0:0:0:0:0:0:1:web::http://localhost:8081/spring/main
[09:26:33.418] - 0:0:0:0:0:0:0:1:web::http://localhost:8081/spring/resources/css/main-style.css
[09:26:33.443] - 0:0:0:0:0:0:0:1:web::http://localhost:8081/spring/resources/js/main/main.js
[09:26:33.469] - 0:0:0:0:0:0:0:1:web::http://localhost:8081/spring/resources/images/top_logo.jpg
[09:44:34.698] - 0:0:0:0:0:0:0:1:web::http://localhost:8081/spring/main
[09:44:39.470] - 0:0:0:0:0:0:0:1:web::http://localhost:8081/spring/member/login?userId=qwe123&userPwd=1
[09:44:39.662] - 0:0:0:0:0:0:0:1:web:qwe123:http://localhost:8081/spring/main
[09:44:39.705] - 0:0:0:0:0:0:0:1:web:qwe123:http://localhost:8081/spring/resources/images/user.jpg
[09:45:54.544] - 0:0:0:0:0:0:0:1:web::http://localhost:8081/spring/main
[09:46:17.387] - 0:0:0:0:0:0:0:1:web::http://localhost:8081/spring/member/login?userId=qwe123&userPwd=1
[09:46:17.547] - 0:0:0:0:0:0:0:1:web:qwe123:http://localhost:8081/spring/main
[10:12:38.837] - 0:0:0:0:0:0:0:1:web::http://localhost:8081/spring/main
[10:12:38.876] - 0:0:0:0:0:0:0:1:web::http://localhost:8081/spring/main
[10:12:42.275] - 0:0:0:0:0:0:0:1:web::http://localhost:8081/spring/member/login?userId=qwe123&userPwd=1
[10:12:42.661] - 0:0:0:0:0:0:0:1:web:qwe123:http://localhost:8081/spring/main
[10:12:44.295] - 0:0:0:0:0:0:0:1:web:qwe123:http://localhost:8081/spring/board/list/N
[10:12:45.789] - 0:0:0:0:0:0:0:1:web:qwe123:http://localhost:8081/spring/board/detail/N/65
[10:12:45.871] - 0:0:0:0:0:0:0:1:web:qwe123:http://localhost:8081/spring/reply/selectReplyList?bno=65
[10:20:40.321] - 0:0:0:0:0:0:0:1:web::http://localhost:8081/spring/board/list/N
[10:34:29.689] - 0:0:0:0:0:0:0:1:web::http://localhost:8081/spring/board/list/N
[10:34:29.691] - 0:0:0:0:0:0:0:1:web::http://localhost:8081/spring/board/list/N
[10:34:52.844] - 0:0:0:0:0:0:0:1:web::http://localhost:8081/spring/board/detail/N/65
[10:34:52.928] - 0:0:0:0:0:0:0:1:web::http://localhost:8081/spring/reply/selectReplyList?bno=
[10:35:14.683] - 0:0:0:0:0:0:0:1:web::http://localhost:8081/spring/member/login?userId=qwe123&userPwd=1
[10:35:14.829] - 0:0:0:0:0:0:0:1:web::http://localhost:8081/spring/main
[10:35:20.133] - 0:0:0:0:0:0:0:1:web::http://localhost:8081/spring/member/login?userId=qwe123&userPwd=1
[10:35:20.157] - 0:0:0:0:0:0:0:1:web::http://localhost:8081/spring/main
[10:35:28.521] - 0:0:0:0:0:0:0:1:web::http://localhost:8081/spring/member/login?userId=qwe123&userPwd=1
[10:35:28.537] - 0:0:0:0:0:0:0:1:web::http://localhost:8081/spring/main
[10:35:55.814] - 0:0:0:0:0:0:0:1:web::http://localhost:8081/spring/main
[10:36:17.033] - 0:0:0:0:0:0:0:1:web::http://localhost:8081/spring/member/login?userId=qwe123&userPwd=1
[10:36:17.149] - 0:0:0:0:0:0:0:1:web::http://localhost:8081/spring/main
[10:42:23.646] - 0:0:0:0:0:0:0:1:web::http://localhost:8081/spring/main
[10:42:37.068] - 0:0:0:0:0:0:0:1:web::http://localhost:8081/spring/member/login?userId=qwe123&userPwd=1
[10:42:37.295] - 0:0:0:0:0:0:0:1:web::http://localhost:8081/spring/main
[10:42:57.563] - 0:0:0:0:0:0:0:1:web::http://localhost:8081/spring/chat/chatRoomList
[10:42:57.751] - 0:0:0:0:0:0:0:1:web::http://localhost:8081/spring/resources/css/chat-style.css
[10:43:00.796] - 0:0:0:0:0:0:0:1:web::http://localhost:8081/spring/chat/chatRoomList
[10:43:02.257] - 0:0:0:0:0:0:0:1:web::http://localhost:8081/spring/member/insert
[10:43:02.312] - 0:0:0:0:0:0:0:1:web::http://localhost:8081/spring/resources/css/signUp-style.css
[10:43:06.125] - 0:0:0:0:0:0:0:1:web::http://localhost:8081/spring/member/login?userId=qwe123&userPwd=1
[10:43:06.152] - 0:0:0:0:0:0:0:1:web::http://localhost:8081/spring/main
[10:43:09.120] - 0:0:0:0:0:0:0:1:web::http://localhost:8081/spring/member/selectOne?input=d
[10:43:11.237] - 0:0:0:0:0:0:0:1:web::http://localhost:8081/spring/member/selectOne?input=asdasd
[10:43:11.439] - 0:0:0:0:0:0:0:1:web::http://localhost:8081/spring/member/selectOne?input=asdasd
[10:43:11.586] - 0:0:0:0:0:0:0:1:web::http://localhost:8081/spring/member/selectOne?input=asdasd
[10:48:17.511] - 0:0:0:0:0:0:0:1:web::http://localhost:8081/spring/main
[10:48:21.326] - 0:0:0:0:0:0:0:1:web::http://localhost:8081/spring/member/login?userId=qwe123&userPwd=1
[10:48:21.580] - 0:0:0:0:0:0:0:1:web::http://localhost:8081/spring/main
[10:50:35.390] - 0:0:0:0:0:0:0:1:web::http://localhost:8081/spring/main
[10:52:37.796] - 0:0:0:0:0:0:0:1:web::http://localhost:8081/spring/main
[10:52:38.964] - 0:0:0:0:0:0:0:1:web::http://localhost:8081/spring/main
[10:53:07.869] - 0:0:0:0:0:0:0:1:web::http://localhost:8081/spring/main
[10:53:08.788] - 0:0:0:0:0:0:0:1:web::http://localhost:8081/spring/main
[10:53:12.547] - 0:0:0:0:0:0:0:1:web::http://localhost:8081/spring/main
[10:53:36.034] - 0:0:0:0:0:0:0:1:web::http://localhost:8081/spring/main
[10:53:37.074] - 0:0:0:0:0:0:0:1:web::http://localhost:8081/spring/main
[10:54:10.489] - 0:0:0:0:0:0:0:1:web::http://localhost:8081/spring/main
[10:55:35.123] - 0:0:0:0:0:0:0:1:web::http://localhost:8081/spring/main
[10:56:34.377] - 0:0:0:0:0:0:0:1:web::http://localhost:8081/spring/main
[10:58:37.481] - 0:0:0:0:0:0:0:1:web::http://localhost:8081/spring/main
[10:58:41.426] - 0:0:0:0:0:0:0:1:web::http://localhost:8081/spring/member/login?userId=qwe123&userPwd=1
[10:58:41.833] - 0:0:0:0:0:0:0:1:web:qwe123:http://localhost:8081/spring/main
[11:14:02.445] - 0:0:0:0:0:0:0:1:web::http://localhost:8081/spring/main
[11:14:06.585] - 0:0:0:0:0:0:0:1:web::http://localhost:8081/spring/member/login?userId=qwe123&userPwd=1
[11:14:06.965] - 0:0:0:0:0:0:0:1:web:qwe123:http://localhost:8081/spring/main
[11:14:08.711] - 0:0:0:0:0:0:0:1:web:qwe123:http://localhost:8081/spring/board/list/N
[11:14:09.643] - 0:0:0:0:0:0:0:1:web:qwe123:http://localhost:8081/spring/board/detail/N/65
[11:16:18.893] - 0:0:0:0:0:0:0:1:web::http://localhost:8081/spring/board/detail/N/65
[11:18:36.357] - 0:0:0:0:0:0:0:1:web::http://localhost:8081/spring/board/detail/N/65
[11:18:36.736] - 0:0:0:0:0:0:0:1:web::http://localhost:8081/spring/reply/selectReplyList?bno=65
[11:18:38.389] - 0:0:0:0:0:0:0:1:web::http://localhost:8081/spring/board/list/N
[11:18:39.250] - 0:0:0:0:0:0:0:1:web::http://localhost:8081/spring/chat/chatRoomList
[11:18:43.253] - 0:0:0:0:0:0:0:1:web::http://localhost:8081/spring/member/login?userId=qwe123&userPwd=1
[11:18:43.404] - 0:0:0:0:0:0:0:1:web:qwe123:http://localhost:8081/spring/main
[11:18:45.022] - 0:0:0:0:0:0:0:1:web:qwe123:http://localhost:8081/spring/chat/chatRoomList
[11:18:48.488] - 0:0:0:0:0:0:0:1:web:qwe123:http://localhost:8081/spring/main
[14:03:34.493] - 0:0:0:0:0:0:0:1:web::http://localhost:8081/spring/main
[14:03:57.561] - 0:0:0:0:0:0:0:1:web::http://localhost:8081/spring/board/list/N
[14:03:59.422] - 0:0:0:0:0:0:0:1:web::http://localhost:8081/spring/board/detail/N/49
[14:04:02.169] - 0:0:0:0:0:0:0:1:web::http://localhost:8081/spring/reply/selectReplyList?bno=49
[14:04:05.244] - 0:0:0:0:0:0:0:1:web::http://localhost:8081/spring/reply/insert?refBno=49&replyContent=asdasd&replyWriter=
[14:04:05.356] - 0:0:0:0:0:0:0:1:web::http://localhost:8081/spring/reply/selectReplyList?bno=49
[14:04:07.817] - 0:0:0:0:0:0:0:1:web::http://localhost:8081/spring/reply/insert?refBno=49&replyContent=asdasd&replyWriter=
[14:04:07.832] - 0:0:0:0:0:0:0:1:web::http://localhost:8081/spring/reply/selectReplyList?bno=49
[14:04:08.921] - 0:0:0:0:0:0:0:1:web::http://localhost:8081/spring/board/detail/N/49
[14:04:08.987] - 0:0:0:0:0:0:0:1:web::http://localhost:8081/spring/reply/selectReplyList?bno=49
[14:04:09.719] - 0:0:0:0:0:0:0:1:web::http://localhost:8081/spring/board/detail/N/49
[14:04:09.764] - 0:0:0:0:0:0:0:1:web::http://localhost:8081/spring/reply/selectReplyList?bno=49
[14:04:10.657] - 0:0:0:0:0:0:0:1:web::http://localhost:8081/spring/board/detail/N/49
[14:04:10.698] - 0:0:0:0:0:0:0:1:web::http://localhost:8081/spring/reply/selectReplyList?bno=49
[14:04:12.622] - 0:0:0:0:0:0:0:1:web::http://localhost:8081/spring/board/detail/N/65
[14:04:12.671] - 0:0:0:0:0:0:0:1:web::http://localhost:8081/spring/reply/selectReplyList?bno=65
[14:04:19.679] - 0:0:0:0:0:0:0:1:web::http://localhost:8081/spring/member/login?userId=qwe123&userPwd=1
[14:04:19.949] - 0:0:0:0:0:0:0:1:web:qwe123:http://localhost:8081/spring/main
[14:04:23.150] - 0:0:0:0:0:0:0:1:web:qwe123:http://localhost:8081/spring/board/list/N
[14:04:24.110] - 0:0:0:0:0:0:0:1:web:qwe123:http://localhost:8081/spring/board/detail/N/65
[14:04:24.198] - 0:0:0:0:0:0:0:1:web:qwe123:http://localhost:8081/spring/reply/selectReplyList?bno=65
[14:06:50.453] - 0:0:0:0:0:0:0:1:web:qwe123:http://localhost:8081/spring/board/detail/N/65
[14:06:53.489] - 0:0:0:0:0:0:0:1:web:qwe123:http://localhost:8081/spring/board/detail/N/65
[14:07:00.699] - 0:0:0:0:0:0:0:1:web:qwe123:http://localhost:8081/spring/main
[14:07:02.744] - 0:0:0:0:0:0:0:1:web:qwe123:http://localhost:8081/spring/main
[14:07:04.074] - 0:0:0:0:0:0:0:1:web:qwe123:http://localhost:8081/spring/board/list/N
[14:07:04.955] - 0:0:0:0:0:0:0:1:web:qwe123:http://localhost:8081/spring/board/detail/N/65
[14:07:12.644] - 0:0:0:0:0:0:0:1:web:qwe123:http://localhost:8081/spring/main
[14:07:14.555] - 0:0:0:0:0:0:0:1:web:qwe123:http://localhost:8081/spring/member/logout
[14:07:14.561] - 0:0:0:0:0:0:0:1:web::http://localhost:8081/spring/main
[14:07:17.694] - 0:0:0:0:0:0:0:1:web::http://localhost:8081/spring/member/login?userId=qwe123&userPwd=1
[14:07:17.900] - 0:0:0:0:0:0:0:1:web:qwe123:http://localhost:8081/spring/main
[14:07:19.553] - 0:0:0:0:0:0:0:1:web:qwe123:http://localhost:8081/spring/board/list/N
[14:07:20.252] - 0:0:0:0:0:0:0:1:web:qwe123:http://localhost:8081/spring/board/detail/N/65
[14:07:24.482] - 0:0:0:0:0:0:0:1:web:qwe123:http://localhost:8081/spring/board/detail/N/48
[14:07:42.275] - 0:0:0:0:0:0:0:1:web:qwe123:http://localhost:8081/spring/board/detail/N/65
[14:16:48.808] - 0:0:0:0:0:0:0:1:web::http://localhost:8081/spring/board/detail/N/65
[14:16:50.398] - 0:0:0:0:0:0:0:1:web::http://localhost:8081/spring/reply/selectReplyList?bno=65
[14:16:56.871] - 0:0:0:0:0:0:0:1:web::http://localhost:8081/spring/member/login?userId=qwe123&userPwd=1
[14:16:57.010] - 0:0:0:0:0:0:0:1:web:qwe123:http://localhost:8081/spring/main
[14:17:00.340] - 0:0:0:0:0:0:0:1:web:qwe123:http://localhost:8081/spring/board/list/N
[14:17:01.048] - 0:0:0:0:0:0:0:1:web:qwe123:http://localhost:8081/spring/board/detail/N/65
[14:17:01.095] - 0:0:0:0:0:0:0:1:web:qwe123:http://localhost:8081/spring/reply/selectReplyList?bno=65
[14:17:04.279] - 0:0:0:0:0:0:0:1:web:qwe123:http://localhost:8081/spring/reply/delete?replyNo=2
[14:17:05.437] - 0:0:0:0:0:0:0:1:web:qwe123:http://localhost:8081/spring/reply/selectReplyList?bno=65
[14:17:08.368] - 0:0:0:0:0:0:0:1:web:qwe123:http://localhost:8081/spring/reply/selectReplyList?bno=65
[14:17:11.351] - 0:0:0:0:0:0:0:1:web:qwe123:http://localhost:8081/spring/reply/selectReplyList?bno=65
[14:17:14.611] - 0:0:0:0:0:0:0:1:web:qwe123:http://localhost:8081/spring/reply/selectReplyList?bno=65
[14:17:31.749] - 0:0:0:0:0:0:0:1:web:qwe123:http://localhost:8081/spring/board/detail/N/65
[14:17:32.084] - 0:0:0:0:0:0:0:1:web:qwe123:http://localhost:8081/spring/reply/selectReplyList?bno=65
[14:17:32.644] - 0:0:0:0:0:0:0:1:web:qwe123:http://localhost:8081/spring/board/detail/N/65
[14:17:32.705] - 0:0:0:0:0:0:0:1:web:qwe123:http://localhost:8081/spring/reply/selectReplyList?bno=65
[14:17:32.812] - 0:0:0:0:0:0:0:1:web:qwe123:http://localhost:8081/spring/board/detail/N/65
[14:17:32.877] - 0:0:0:0:0:0:0:1:web:qwe123:http://localhost:8081/spring/reply/selectReplyList?bno=65
[14:17:32.976] - 0:0:0:0:0:0:0:1:web:qwe123:http://localhost:8081/spring/board/detail/N/65
[14:17:33.034] - 0:0:0:0:0:0:0:1:web:qwe123:http://localhost:8081/spring/reply/selectReplyList?bno=65
[14:17:33.145] - 0:0:0:0:0:0:0:1:web:qwe123:http://localhost:8081/spring/board/detail/N/65
[14:17:33.202] - 0:0:0:0:0:0:0:1:web:qwe123:http://localhost:8081/spring/reply/selectReplyList?bno=65
[14:17:33.322] - 0:0:0:0:0:0:0:1:web:qwe123:http://localhost:8081/spring/board/detail/N/65
[14:17:33.379] - 0:0:0:0:0:0:0:1:web:qwe123:http://localhost:8081/spring/reply/selectReplyList?bno=65
[14:17:35.917] - 0:0:0:0:0:0:0:1:web:qwe123:http://localhost:8081/spring/reply/update?replyNo=3&replyContent=1232131212321312sdsaddddddddddd
[14:17:37.100] - 0:0:0:0:0:0:0:1:web:qwe123:http://localhost:8081/spring/reply/selectReplyList?bno=65
[14:17:39.572] - 0:0:0:0:0:0:0:1:web:qwe123:http://localhost:8081/spring/reply/update?replyNo=3&replyContent=1232131212321312sdsadddddddddddasdasdsadsadsad
[14:17:42.552] - 0:0:0:0:0:0:0:1:web:qwe123:http://localhost:8081/spring/reply/selectReplyList?bno=65
[14:25:00.474] - 0:0:0:0:0:0:0:1:web:qwe123:http://localhost:8081/spring/main
